<?xml version="1.0" encoding="UTF-8"?>
<!-- Generated by org.testng.reporters.JUnitReportReporter -->
<testsuite hostname="naveenreddy" name="XYZ.FirstDemo" tests="1" failures="0" timestamp="27 Dec 2016 16:52:03 GMT" time="0.000" errors="0">
  <testcase name="helloTest" time="0.000" classname="XYZ.FirstDemo"/>
</testsuite> <!-- XYZ.FirstDemo -->
